#
# A fatal error has been detected by the Java Runtime Environment:
#
#  EXCEPTION_ACCESS_VIOLATION (0xc0000005) at pc=0x000002518b932f94, pid=3020, tid=12648
#
# JRE version: Java(TM) SE Runtime Environment (10.0.1+10) (build 10.0.1+10)
# Java VM: Java HotSpot(TM) 64-Bit Server VM (10.0.1+10, mixed mode, tiered, compressed oops, g1 gc, windows-amd64)
# Problematic frame:
# J 681 c1 sun.misc.Unsafe.putLong(Ljava/lang/Object;JJ)V jdk.unsupported@10.0.1 (11 bytes) @ 0x000002518b932f94 [0x000002518b932f40+0x0000000000000054]
#
# No core dump will be written. Minidumps are not enabled by default on client versions of Windows
#
# If you would like to submit a bug report, please visit:
#   http://bugreport.java.com/bugreport/crash.jsp
#

---------------  S U M M A R Y ------------

Command Line: -javaagent:C:\Users\Dexter Burk\Desktop\IntelliJ IDEA Community Edition 2018.1.5\lib\idea_rt.jar=61951:C:\Users\Dexter Burk\Desktop\IntelliJ IDEA Community Edition 2018.1.5\bin -Dfile.encoding=UTF-8 lwjgl3.Main

Host: Intel(R) Core(TM) i5-6400 CPU @ 2.70GHz, 4 cores, 11G,  Windows 10 , 64 bit Build 17134 (10.0.17134.1)
Time: Sat Jul 07 20:10:41 2018 Eastern Daylight Time elapsed time: 2 seconds (0d 0h 0m 2s)

---------------  T H R E A D  ---------------

Current thread (0x00000251f9aeb000):  JavaThread "main" [_thread_in_Java, id=12648, stack(0x000000b781d00000,0x000000b781e00000)]

Stack: [0x000000b781d00000,0x000000b781e00000],  sp=0x000000b781dfefa0,  free space=1019k
Native frames: (J=compiled Java code, j=interpreted, Vv=VM code, C=native code)
C  0x000002518b932f94


siginfo: EXCEPTION_ACCESS_VIOLATION (0xc0000005), writing address 0x0000000000000000


Register to memory mapping:

RIP=0x000002518b932f94 is at entry_point+84 in (nmethod*)0x000002518b932d90
RAX={method} {0x000002519fcce298} 'putLong' '(Ljava/lang/Object;JJ)V' in 'sun/misc/Unsafe'
RBX=0x0000000000001b40 is an unknown value
RCX=0x000000070cb68288 is an oop
sun.misc.Unsafe 
{0x000000070cb68288} - klass: 'sun/misc/Unsafe'
RDX=0x000000070cb68288 is an oop
sun.misc.Unsafe 
{0x000000070cb68288} - klass: 'sun/misc/Unsafe'
RSP=0x000000b781dfefa0 is pointing into the stack for thread: 0x00000251f9aeb000
RBP=0x000000b781dff078 is pointing into the stack for thread: 0x00000251f9aeb000
RSI=0x000002519fd2b088 is pointing into metadata
RDI=0x000000003f800000 is an unknown value
R8 =0x0000000000000000 is an unknown value
R9 =0x0000000000000000 is an unknown value
R10=0x000000006002c2d0 jvm.dll
R11=0x000002518b932f60 is at entry_point+32 in (nmethod*)0x000002518b932d90
R12=0x0000000000000000 is an unknown value
R13=0x000000b781dff000 is pointing into the stack for thread: 0x00000251f9aeb000
R14=0x000000b781dff0a8 is pointing into the stack for thread: 0x00000251f9aeb000
R15=0x00000251f9aeb000 is a thread


Registers:
RAX=0x000002519fcce290, RBX=0x0000000000001b40, RCX=0x000000070cb68288, RDX=0x000000070cb68288
RSP=0x000000b781dfefa0, RBP=0x000000b781dff078, RSI=0x000002519fd2b088, RDI=0x000000003f800000
R8 =0x0000000000000000, R9 =0x0000000000000000, R10=0x000000006002c2d0, R11=0x000002518b932f60
R12=0x0000000000000000, R13=0x000000b781dff000, R14=0x000000b781dff0a8, R15=0x00000251f9aeb000
RIP=0x000002518b932f94, EFLAGS=0x0000000000010202

Top of Stack: (sp=0x000000b781dfefa0)
0x000000b781dfefa0:   00000251f9aeb000 00000251f9aeb000
0x000000b781dfefb0:   00000251f9aebf78 00000251f9aeb000
0x000000b781dfefc0:   00000000000003c3 000002518b2cd238
0x000000b781dfefd0:   00000000000000b6 0000000000001540
0x000000b781dfefe0:   000000b781dff078 000002518b2ba103
0x000000b781dfeff0:   00000000000003c3 000002518b2ba103
0x000000b781dff000:   000000003f800000 0000000000000000
0x000000b781dff010:   0000000000000000 0000000000000000
0x000000b781dff020:   0000000000000000 000000070cb68288
0x000000b781dff030:   000000b781dff030 00000251ab25bf06
0x000000b781dff040:   000000b781dff0a8 00000251ab269900
0x000000b781dff050:   0000000000000000 000000070d4cba90
0x000000b781dff060:   00000251ab25bf38 000000b781dff000
0x000000b781dff070:   000000b781dff088 000000b781dff0f8
0x000000b781dff080:   000002518b2ba103 000000003f800000
0x000000b781dff090:   0000000000000000 0000000000000000 

Instructions: (pc=0x000002518b932f94)
0x000002518b932f74:   00 00 8b 9e fc 00 00 00 83 c3 08 89 9e fc 00 00
0x000002518b932f84:   00 81 e3 f8 1f 00 00 83 fb 00 0f 84 11 00 00 00
0x000002518b932f94:   4b 89 3c 08 48 83 c4 40 5d 4d 8b 57 70 41 85 02
0x000002518b932fa4:   c3 49 ba 90 e2 cc 9f 51 02 00 00 4c 89 54 24 08 




---------------  P R O C E S S  ---------------

Threads class SMR info:
_java_thread_list=0x00000251a0134370, length=12, elements={
0x00000251f9aeb000, 0x000002519fdb3800, 0x000002519fdb5800, 0x000002519fdb8800,
0x000002519fdaf000, 0x000002519fdfe800, 0x000002519fe01000, 0x000002519fe15000,
0x000002519fe69800, 0x00000251a0080000, 0x00000251a015c800, 0x00000251a015d000
}

Java Threads: ( => current thread )
=>0x00000251f9aeb000 JavaThread "main" [_thread_in_Java, id=12648, stack(0x000000b781d00000,0x000000b781e00000)]
  0x000002519fdb3800 JavaThread "Reference Handler" daemon [_thread_blocked, id=4992, stack(0x000000b782a00000,0x000000b782b00000)]
  0x000002519fdb5800 JavaThread "Finalizer" daemon [_thread_blocked, id=10108, stack(0x000000b782b00000,0x000000b782c00000)]
  0x000002519fdb8800 JavaThread "Signal Dispatcher" daemon [_thread_blocked, id=14684, stack(0x000000b782c00000,0x000000b782d00000)]
  0x000002519fdaf000 JavaThread "Attach Listener" daemon [_thread_blocked, id=540, stack(0x000000b782d00000,0x000000b782e00000)]
  0x000002519fdfe800 JavaThread "C2 CompilerThread0" daemon [_thread_blocked, id=5732, stack(0x000000b782e00000,0x000000b782f00000)]
  0x000002519fe01000 JavaThread "C2 CompilerThread1" daemon [_thread_blocked, id=7048, stack(0x000000b782f00000,0x000000b783000000)]
  0x000002519fe15000 JavaThread "C1 CompilerThread2" daemon [_thread_blocked, id=3604, stack(0x000000b783000000,0x000000b783100000)]
  0x000002519fe69800 JavaThread "Sweeper thread" daemon [_thread_blocked, id=14072, stack(0x000000b783100000,0x000000b783200000)]
  0x00000251a0080000 JavaThread "Common-Cleaner" daemon [_thread_blocked, id=9308, stack(0x000000b783200000,0x000000b783300000)]
  0x00000251a015c800 JavaThread "Monitor Ctrl-Break" daemon [_thread_in_native, id=5576, stack(0x000000b783300000,0x000000b783400000)]
  0x00000251a015d000 JavaThread "Service Thread" daemon [_thread_blocked, id=6244, stack(0x000000b783400000,0x000000b783500000)]

Other Threads:
  0x000002519fd9f000 VMThread "VM Thread" [stack: 0x000000b782900000,0x000000b782a00000] [id=5484]
  0x00000251a052a000 WatcherThread [stack: 0x000000b783500000,0x000000b783600000] [id=11080]
  0x00000251f9b04000 GCTaskThread "GC Thread#0" [stack: 0x000000b781e00000,0x000000b781f00000] [id=9264]
  0x00000251f9b05000 GCTaskThread "GC Thread#1" [stack: 0x000000b781f00000,0x000000b782000000] [id=14748]
  0x00000251f9b07800 GCTaskThread "GC Thread#2" [stack: 0x000000b782000000,0x000000b782100000] [id=10460]
  0x00000251f9b09000 GCTaskThread "GC Thread#3" [stack: 0x000000b782100000,0x000000b782200000] [id=12024]
  0x00000251f9bb8000 ConcurrentGCThread "G1 Main Marker" [stack: 0x000000b782200000,0x000000b782300000] [id=10948]
  0x00000251f9bba000 ConcurrentGCThread "G1 Conc#0" [stack: 0x000000b782300000,0x000000b782400000] [id=9372]
  0x000002519f414800 ConcurrentGCThread "G1 Refine#0" [stack: 0x000000b782400000,0x000000b782500000] [id=2780]
  0x000002519f415800 ConcurrentGCThread "G1 Refine#1" [stack: 0x000000b782500000,0x000000b782600000] [id=7868]
  0x000002519f416800 ConcurrentGCThread "G1 Refine#2" [stack: 0x000000b782600000,0x000000b782700000] [id=11920]
  0x000002519f419000 ConcurrentGCThread "G1 Refine#3" [stack: 0x000000b782700000,0x000000b782800000] [id=2648]
  0x000002519f42a800 ConcurrentGCThread "G1 Young RemSet Sampling" [stack: 0x000000b782800000,0x000000b782900000] [id=11924]

Threads with active compile tasks:

VM state:not at safepoint (normal execution)

VM Mutex/Monitor currently owned by a thread: None

Heap address: 0x0000000701a00000, size: 3046 MB, Compressed Oops mode: Zero based, Oop shift amount: 3
Narrow klass base: 0x0000000000000000, Narrow klass shift: 3
Compressed class space size: 1073741824 Address: 0x00000007c0000000

Heap:
 garbage-first heap   total 196608K, used 10520K [0x0000000701a00000, 0x00000007c0000000)
  region size 1024K, 11 young (11264K), 2 survivors (2048K)
 Metaspace       used 13537K, capacity 13741K, committed 14080K, reserved 1062912K
  class space    used 930K, capacity 996K, committed 1024K, reserved 1048576K
Heap Regions: E=young(eden), S=young(survivor), O=old, HS=humongous(starts), HC=humongous(continues), CS=collection set, F=free, A=archive, TS=gc time stamp, AC=allocation context, TAMS=top-at-mark-start (previous, next)
|   0|0x0000000701a00000, 0x0000000701a46000, 0x0000000701b00000| 27%| O|  |TS  1|AC  0|TAMS 0x0000000701a00000, 0x0000000701a00000|
|   1|0x0000000701b00000, 0x0000000701b00000, 0x0000000701c00000|  0%| F|  |TS  0|AC  0|TAMS 0x0000000701b00000, 0x0000000701b00000|
|   2|0x0000000701c00000, 0x0000000701c00000, 0x0000000701d00000|  0%| F|  |TS  0|AC  0|TAMS 0x0000000701c00000, 0x0000000701c00000|
|   3|0x0000000701d00000, 0x0000000701d00000, 0x0000000701e00000|  0%| F|  |TS  0|AC  0|TAMS 0x0000000701d00000, 0x0000000701d00000|
|   4|0x0000000701e00000, 0x0000000701e00000, 0x0000000701f00000|  0%| F|  |TS  0|AC  0|TAMS 0x0000000701e00000, 0x0000000701e00000|
|   5|0x0000000701f00000, 0x0000000701f00000, 0x0000000702000000|  0%| F|  |TS  0|AC  0|TAMS 0x0000000701f00000, 0x0000000701f00000|
|   6|0x0000000702000000, 0x0000000702000000, 0x0000000702100000|  0%| F|  |TS  0|AC  0|TAMS 0x0000000702000000, 0x0000000702000000|
|   7|0x0000000702100000, 0x0000000702100000, 0x0000000702200000|  0%| F|  |TS  0|AC  0|TAMS 0x0000000702100000, 0x0000000702100000|
|   8|0x0000000702200000, 0x0000000702200000, 0x0000000702300000|  0%| F|  |TS  0|AC  0|TAMS 0x0000000702200000, 0x0000000702200000|
|   9|0x0000000702300000, 0x0000000702300000, 0x0000000702400000|  0%| F|  |TS  0|AC  0|TAMS 0x0000000702300000, 0x0000000702300000|
|  10|0x0000000702400000, 0x0000000702400000, 0x0000000702500000|  0%| F|  |TS  0|AC  0|TAMS 0x0000000702400000, 0x0000000702400000|
|  11|0x0000000702500000, 0x0000000702500000, 0x0000000702600000|  0%| F|  |TS  0|AC  0|TAMS 0x0000000702500000, 0x0000000702500000|
|  12|0x0000000702600000, 0x0000000702600000, 0x0000000702700000|  0%| F|  |TS  0|AC  0|TAMS 0x0000000702600000, 0x0000000702600000|
|  13|0x0000000702700000, 0x0000000702700000, 0x0000000702800000|  0%| F|  |TS  0|AC  0|TAMS 0x0000000702700000, 0x0000000702700000|
|  14|0x0000000702800000, 0x0000000702800000, 0x0000000702900000|  0%| F|  |TS  0|AC  0|TAMS 0x0000000702800000, 0x0000000702800000|
|  15|0x0000000702900000, 0x0000000702900000, 0x0000000702a00000|  0%| F|  |TS  0|AC  0|TAMS 0x0000000702900000, 0x0000000702900000|
|  16|0x0000000702a00000, 0x0000000702a00000, 0x0000000702b00000|  0%| F|  |TS  0|AC  0|TAMS 0x0000000702a00000, 0x0000000702a00000|
|  17|0x0000000702b00000, 0x0000000702b00000, 0x0000000702c00000|  0%| F|  |TS  0|AC  0|TAMS 0x0000000702b00000, 0x0000000702b00000|
|  18|0x0000000702c00000, 0x0000000702c00000, 0x0000000702d00000|  0%| F|  |TS  0|AC  0|TAMS 0x0000000702c00000, 0x0000000702c00000|
|  19|0x0000000702d00000, 0x0000000702d00000, 0x0000000702e00000|  0%| F|  |TS  0|AC  0|TAMS 0x0000000702d00000, 0x0000000702d00000|
|  20|0x0000000702e00000, 0x0000000702e00000, 0x0000000702f00000|  0%| F|  |TS  0|AC  0|TAMS 0x0000000702e00000, 0x0000000702e00000|
|  21|0x0000000702f00000, 0x0000000702f00000, 0x0000000703000000|  0%| F|  |TS  0|AC  0|TAMS 0x0000000702f00000, 0x0000000702f00000|
|  22|0x0000000703000000, 0x0000000703000000, 0x0000000703100000|  0%| F|  |TS  0|AC  0|TAMS 0x0000000703000000, 0x0000000703000000|
|  23|0x0000000703100000, 0x0000000703100000, 0x0000000703200000|  0%| F|  |TS  0|AC  0|TAMS 0x0000000703100000, 0x0000000703100000|
|  24|0x0000000703200000, 0x0000000703200000, 0x0000000703300000|  0%| F|  |TS  0|AC  0|TAMS 0x0000000703200000, 0x0000000703200000|
|  25|0x0000000703300000, 0x0000000703300000, 0x0000000703400000|  0%| F|  |TS  0|AC  0|TAMS 0x0000000703300000, 0x0000000703300000|
|  26|0x0000000703400000, 0x0000000703400000, 0x0000000703500000|  0%| F|  |TS  0|AC  0|TAMS 0x0000000703400000, 0x0000000703400000|
|  27|0x0000000703500000, 0x0000000703500000, 0x0000000703600000|  0%| F|  |TS  0|AC  0|TAMS 0x0000000703500000, 0x0000000703500000|
|  28|0x0000000703600000, 0x0000000703600000, 0x0000000703700000|  0%| F|  |TS  0|AC  0|TAMS 0x0000000703600000, 0x0000000703600000|
|  29|0x0000000703700000, 0x0000000703700000, 0x0000000703800000|  0%| F|  |TS  0|AC  0|TAMS 0x0000000703700000, 0x0000000703700000|
|  30|0x0000000703800000, 0x0000000703800000, 0x0000000703900000|  0%| F|  |TS  0|AC  0|TAMS 0x0000000703800000, 0x0000000703800000|
|  31|0x0000000703900000, 0x0000000703900000, 0x0000000703a00000|  0%| F|  |TS  0|AC  0|TAMS 0x0000000703900000, 0x0000000703900000|
|  32|0x0000000703a00000, 0x0000000703a00000, 0x0000000703b00000|  0%| F|  |TS  0|AC  0|TAMS 0x0000000703a00000, 0x0000000703a00000|
|  33|0x0000000703b00000, 0x0000000703b00000, 0x0000000703c00000|  0%| F|  |TS  0|AC  0|TAMS 0x0000000703b00000, 0x0000000703b00000|
|  34|0x0000000703c00000, 0x0000000703c00000, 0x0000000703d00000|  0%| F|  |TS  0|AC  0|TAMS 0x0000000703c00000, 0x0000000703c00000|
|  35|0x0000000703d00000, 0x0000000703d00000, 0x0000000703e00000|  0%| F|  |TS  0|AC  0|TAMS 0x0000000703d00000, 0x0000000703d00000|
|  36|0x0000000703e00000, 0x0000000703e00000, 0x0000000703f00000|  0%| F|  |TS  0|AC  0|TAMS 0x0000000703e00000, 0x0000000703e00000|
|  37|0x0000000703f00000, 0x0000000703f00000, 0x0000000704000000|  0%| F|  |TS  0|AC  0|TAMS 0x0000000703f00000, 0x0000000703f00000|
|  38|0x0000000704000000, 0x0000000704000000, 0x0000000704100000|  0%| F|  |TS  0|AC  0|TAMS 0x0000000704000000, 0x0000000704000000|
|  39|0x0000000704100000, 0x0000000704100000, 0x0000000704200000|  0%| F|  |TS  0|AC  0|TAMS 0x0000000704100000, 0x0000000704100000|
|  40|0x0000000704200000, 0x0000000704200000, 0x0000000704300000|  0%| F|  |TS  0|AC  0|TAMS 0x0000000704200000, 0x0000000704200000|
|  41|0x0000000704300000, 0x0000000704300000, 0x0000000704400000|  0%| F|  |TS  0|AC  0|TAMS 0x0000000704300000, 0x0000000704300000|
|  42|0x0000000704400000, 0x0000000704400000, 0x0000000704500000|  0%| F|  |TS  0|AC  0|TAMS 0x0000000704400000, 0x0000000704400000|
|  43|0x0000000704500000, 0x0000000704500000, 0x0000000704600000|  0%| F|  |TS  0|AC  0|TAMS 0x0000000704500000, 0x0000000704500000|
|  44|0x0000000704600000, 0x0000000704600000, 0x0000000704700000|  0%| F|  |TS  0|AC  0|TAMS 0x0000000704600000, 0x0000000704600000|
|  45|0x0000000704700000, 0x0000000704700000, 0x0000000704800000|  0%| F|  |TS  0|AC  0|TAMS 0x0000000704700000, 0x0000000704700000|
|  46|0x0000000704800000, 0x0000000704800000, 0x0000000704900000|  0%| F|  |TS  0|AC  0|TAMS 0x0000000704800000, 0x0000000704800000|
|  47|0x0000000704900000, 0x0000000704900000, 0x0000000704a00000|  0%| F|  |TS  0|AC  0|TAMS 0x0000000704900000, 0x0000000704900000|
|  48|0x0000000704a00000, 0x0000000704a00000, 0x0000000704b00000|  0%| F|  |TS  0|AC  0|TAMS 0x0000000704a00000, 0x0000000704a00000|
|  49|0x0000000704b00000, 0x0000000704b00000, 0x0000000704c00000|  0%| F|  |TS  0|AC  0|TAMS 0x0000000704b00000, 0x0000000704b00000|
|  50|0x0000000704c00000, 0x0000000704c00000, 0x0000000704d00000|  0%| F|  |TS  0|AC  0|TAMS 0x0000000704c00000, 0x0000000704c00000|
|  51|0x0000000704d00000, 0x0000000704d00000, 0x0000000704e00000|  0%| F|  |TS  0|AC  0|TAMS 0x0000000704d00000, 0x0000000704d00000|
|  52|0x0000000704e00000, 0x0000000704e00000, 0x0000000704f00000|  0%| F|  |TS  0|AC  0|TAMS 0x0000000704e00000, 0x0000000704e00000|
|  53|0x0000000704f00000, 0x0000000704f00000, 0x0000000705000000|  0%| F|  |TS  0|AC  0|TAMS 0x0000000704f00000, 0x0000000704f00000|
|  54|0x0000000705000000, 0x0000000705000000, 0x0000000705100000|  0%| F|  |TS  0|AC  0|TAMS 0x0000000705000000, 0x0000000705000000|
|  55|0x0000000705100000, 0x0000000705100000, 0x0000000705200000|  0%| F|  |TS  0|AC  0|TAMS 0x0000000705100000, 0x0000000705100000|
|  56|0x0000000705200000, 0x0000000705200000, 0x0000000705300000|  0%| F|  |TS  0|AC  0|TAMS 0x0000000705200000, 0x0000000705200000|
|  57|0x0000000705300000, 0x0000000705300000, 0x0000000705400000|  0%| F|  |TS  0|AC  0|TAMS 0x0000000705300000, 0x0000000705300000|
|  58|0x0000000705400000, 0x0000000705400000, 0x0000000705500000|  0%| F|  |TS  0|AC  0|TAMS 0x0000000705400000, 0x0000000705400000|
|  59|0x0000000705500000, 0x0000000705500000, 0x0000000705600000|  0%| F|  |TS  0|AC  0|TAMS 0x0000000705500000, 0x0000000705500000|
|  60|0x0000000705600000, 0x0000000705600000, 0x0000000705700000|  0%| F|  |TS  0|AC  0|TAMS 0x0000000705600000, 0x0000000705600000|
|  61|0x0000000705700000, 0x0000000705700000, 0x0000000705800000|  0%| F|  |TS  0|AC  0|TAMS 0x0000000705700000, 0x0000000705700000|
|  62|0x0000000705800000, 0x0000000705800000, 0x0000000705900000|  0%| F|  |TS  0|AC  0|TAMS 0x0000000705800000, 0x0000000705800000|
|  63|0x0000000705900000, 0x0000000705900000, 0x0000000705a00000|  0%| F|  |TS  0|AC  0|TAMS 0x0000000705900000, 0x0000000705900000|
|  64|0x0000000705a00000, 0x0000000705a00000, 0x0000000705b00000|  0%| F|  |TS  0|AC  0|TAMS 0x0000000705a00000, 0x0000000705a00000|
|  65|0x0000000705b00000, 0x0000000705b00000, 0x0000000705c00000|  0%| F|  |TS  0|AC  0|TAMS 0x0000000705b00000, 0x0000000705b00000|
|  66|0x0000000705c00000, 0x0000000705c00000, 0x0000000705d00000|  0%| F|  |TS  0|AC  0|TAMS 0x0000000705c00000, 0x0000000705c00000|
|  67|0x0000000705d00000, 0x0000000705d00000, 0x0000000705e00000|  0%| F|  |TS  0|AC  0|TAMS 0x0000000705d00000, 0x0000000705d00000|
|  68|0x0000000705e00000, 0x0000000705e00000, 0x0000000705f00000|  0%| F|  |TS  0|AC  0|TAMS 0x0000000705e00000, 0x0000000705e00000|
|  69|0x0000000705f00000, 0x0000000705f00000, 0x0000000706000000|  0%| F|  |TS  0|AC  0|TAMS 0x0000000705f00000, 0x0000000705f00000|
|  70|0x0000000706000000, 0x0000000706000000, 0x0000000706100000|  0%| F|  |TS  0|AC  0|TAMS 0x0000000706000000, 0x0000000706000000|
|  71|0x0000000706100000, 0x0000000706100000, 0x0000000706200000|  0%| F|  |TS  0|AC  0|TAMS 0x0000000706100000, 0x0000000706100000|
|  72|0x0000000706200000, 0x0000000706200000, 0x0000000706300000|  0%| F|  |TS  0|AC  0|TAMS 0x0000000706200000, 0x0000000706200000|
|  73|0x0000000706300000, 0x0000000706300000, 0x0000000706400000|  0%| F|  |TS  0|AC  0|TAMS 0x0000000706300000, 0x0000000706300000|
|  74|0x0000000706400000, 0x0000000706400000, 0x0000000706500000|  0%| F|  |TS  0|AC  0|TAMS 0x0000000706400000, 0x0000000706400000|
|  75|0x0000000706500000, 0x0000000706500000, 0x0000000706600000|  0%| F|  |TS  0|AC  0|TAMS 0x0000000706500000, 0x0000000706500000|
|  76|0x0000000706600000, 0x0000000706600000, 0x0000000706700000|  0%| F|  |TS  0|AC  0|TAMS 0x0000000706600000, 0x0000000706600000|
|  77|0x0000000706700000, 0x0000000706700000, 0x0000000706800000|  0%| F|  |TS  0|AC  0|TAMS 0x0000000706700000, 0x0000000706700000|
|  78|0x0000000706800000, 0x0000000706800000, 0x0000000706900000|  0%| F|  |TS  0|AC  0|TAMS 0x0000000706800000, 0x0000000706800000|
|  79|0x0000000706900000, 0x0000000706900000, 0x0000000706a00000|  0%| F|  |TS  0|AC  0|TAMS 0x0000000706900000, 0x0000000706900000|
|  80|0x0000000706a00000, 0x0000000706a00000, 0x0000000706b00000|  0%| F|  |TS  0|AC  0|TAMS 0x0000000706a00000, 0x0000000706a00000|
|  81|0x0000000706b00000, 0x0000000706b00000, 0x0000000706c00000|  0%| F|  |TS  0|AC  0|TAMS 0x0000000706b00000, 0x0000000706b00000|
|  82|0x0000000706c00000, 0x0000000706c00000, 0x0000000706d00000|  0%| F|  |TS  0|AC  0|TAMS 0x0000000706c00000, 0x0000000706c00000|
|  83|0x0000000706d00000, 0x0000000706d00000, 0x0000000706e00000|  0%| F|  |TS  0|AC  0|TAMS 0x0000000706d00000, 0x0000000706d00000|
|  84|0x0000000706e00000, 0x0000000706e00000, 0x0000000706f00000|  0%| F|  |TS  0|AC  0|TAMS 0x0000000706e00000, 0x0000000706e00000|
|  85|0x0000000706f00000, 0x0000000706f00000, 0x0000000707000000|  0%| F|  |TS  0|AC  0|TAMS 0x0000000706f00000, 0x0000000706f00000|
|  86|0x0000000707000000, 0x0000000707000000, 0x0000000707100000|  0%| F|  |TS  0|AC  0|TAMS 0x0000000707000000, 0x0000000707000000|
|  87|0x0000000707100000, 0x0000000707100000, 0x0000000707200000|  0%| F|  |TS  0|AC  0|TAMS 0x0000000707100000, 0x0000000707100000|
|  88|0x0000000707200000, 0x0000000707200000, 0x0000000707300000|  0%| F|  |TS  0|AC  0|TAMS 0x0000000707200000, 0x0000000707200000|
|  89|0x0000000707300000, 0x0000000707300000, 0x0000000707400000|  0%| F|  |TS  0|AC  0|TAMS 0x0000000707300000, 0x0000000707300000|
|  90|0x0000000707400000, 0x0000000707400000, 0x0000000707500000|  0%| F|  |TS  0|AC  0|TAMS 0x0000000707400000, 0x0000000707400000|
|  91|0x0000000707500000, 0x0000000707500000, 0x0000000707600000|  0%| F|  |TS  0|AC  0|TAMS 0x0000000707500000, 0x0000000707500000|
|  92|0x0000000707600000, 0x0000000707600000, 0x0000000707700000|  0%| F|  |TS  0|AC  0|TAMS 0x0000000707600000, 0x0000000707600000|
|  93|0x0000000707700000, 0x0000000707700000, 0x0000000707800000|  0%| F|  |TS  0|AC  0|TAMS 0x0000000707700000, 0x0000000707700000|
|  94|0x0000000707800000, 0x0000000707800000, 0x0000000707900000|  0%| F|  |TS  0|AC  0|TAMS 0x0000000707800000, 0x0000000707800000|
|  95|0x0000000707900000, 0x0000000707900000, 0x0000000707a00000|  0%| F|  |TS  0|AC  0|TAMS 0x0000000707900000, 0x0000000707900000|
|  96|0x0000000707a00000, 0x0000000707a00000, 0x0000000707b00000|  0%| F|  |TS  0|AC  0|TAMS 0x0000000707a00000, 0x0000000707a00000|
|  97|0x0000000707b00000, 0x0000000707b00000, 0x0000000707c00000|  0%| F|  |TS  0|AC  0|TAMS 0x0000000707b00000, 0x0000000707b00000|
|  98|0x0000000707c00000, 0x0000000707c00000, 0x0000000707d00000|  0%| F|  |TS  0|AC  0|TAMS 0x0000000707c00000, 0x0000000707c00000|
|  99|0x0000000707d00000, 0x0000000707d00000, 0x0000000707e00000|  0%| F|  |TS  0|AC  0|TAMS 0x0000000707d00000, 0x0000000707d00000|
| 100|0x0000000707e00000, 0x0000000707e00000, 0x0000000707f00000|  0%| F|  |TS  0|AC  0|TAMS 0x0000000707e00000, 0x0000000707e00000|
| 101|0x0000000707f00000, 0x0000000707f00000, 0x0000000708000000|  0%| F|  |TS  0|AC  0|TAMS 0x0000000707f00000, 0x0000000707f00000|
| 102|0x0000000708000000, 0x0000000708000000, 0x0000000708100000|  0%| F|  |TS  0|AC  0|TAMS 0x0000000708000000, 0x0000000708000000|
| 103|0x0000000708100000, 0x0000000708100000, 0x0000000708200000|  0%| F|  |TS  0|AC  0|TAMS 0x0000000708100000, 0x0000000708100000|
| 104|0x0000000708200000, 0x0000000708200000, 0x0000000708300000|  0%| F|  |TS  0|AC  0|TAMS 0x0000000708200000, 0x0000000708200000|
| 105|0x0000000708300000, 0x0000000708300000, 0x0000000708400000|  0%| F|  |TS  0|AC  0|TAMS 0x0000000708300000, 0x0000000708300000|
| 106|0x0000000708400000, 0x0000000708400000, 0x0000000708500000|  0%| F|  |TS  0|AC  0|TAMS 0x0000000708400000, 0x0000000708400000|
| 107|0x0000000708500000, 0x0000000708500000, 0x0000000708600000|  0%| F|  |TS  0|AC  0|TAMS 0x0000000708500000, 0x0000000708500000|
| 108|0x0000000708600000, 0x0000000708600000, 0x0000000708700000|  0%| F|  |TS  0|AC  0|TAMS 0x0000000708600000, 0x0000000708600000|
| 109|0x0000000708700000, 0x0000000708700000, 0x0000000708800000|  0%| F|  |TS  0|AC  0|TAMS 0x0000000708700000, 0x0000000708700000|
| 110|0x0000000708800000, 0x0000000708800000, 0x0000000708900000|  0%| F|  |TS  0|AC  0|TAMS 0x0000000708800000, 0x0000000708800000|
| 111|0x0000000708900000, 0x0000000708900000, 0x0000000708a00000|  0%| F|  |TS  0|AC  0|TAMS 0x0000000708900000, 0x0000000708900000|
| 112|0x0000000708a00000, 0x0000000708a00000, 0x0000000708b00000|  0%| F|  |TS  0|AC  0|TAMS 0x0000000708a00000, 0x0000000708a00000|
| 113|0x0000000708b00000, 0x0000000708b00000, 0x0000000708c00000|  0%| F|  |TS  0|AC  0|TAMS 0x0000000708b00000, 0x0000000708b00000|
| 114|0x0000000708c00000, 0x0000000708c00000, 0x0000000708d00000|  0%| F|  |TS  0|AC  0|TAMS 0x0000000708c00000, 0x0000000708c00000|
| 115|0x0000000708d00000, 0x0000000708d00000, 0x0000000708e00000|  0%| F|  |TS  0|AC  0|TAMS 0x0000000708d00000, 0x0000000708d00000|
| 116|0x0000000708e00000, 0x0000000708e00000, 0x0000000708f00000|  0%| F|  |TS  0|AC  0|TAMS 0x0000000708e00000, 0x0000000708e00000|
| 117|0x0000000708f00000, 0x0000000708f00000, 0x0000000709000000|  0%| F|  |TS  0|AC  0|TAMS 0x0000000708f00000, 0x0000000708f00000|
| 118|0x0000000709000000, 0x0000000709000000, 0x0000000709100000|  0%| F|  |TS  0|AC  0|TAMS 0x0000000709000000, 0x0000000709000000|
| 119|0x0000000709100000, 0x0000000709100000, 0x0000000709200000|  0%| F|  |TS  0|AC  0|TAMS 0x0000000709100000, 0x0000000709100000|
| 120|0x0000000709200000, 0x0000000709200000, 0x0000000709300000|  0%| F|  |TS  0|AC  0|TAMS 0x0000000709200000, 0x0000000709200000|
| 121|0x0000000709300000, 0x0000000709300000, 0x0000000709400000|  0%| F|  |TS  0|AC  0|TAMS 0x0000000709300000, 0x0000000709300000|
| 122|0x0000000709400000, 0x0000000709400000, 0x0000000709500000|  0%| F|  |TS  0|AC  0|TAMS 0x0000000709400000, 0x0000000709400000|
| 123|0x0000000709500000, 0x0000000709500000, 0x0000000709600000|  0%| F|  |TS  0|AC  0|TAMS 0x0000000709500000, 0x0000000709500000|
| 124|0x0000000709600000, 0x0000000709600000, 0x0000000709700000|  0%| F|  |TS  0|AC  0|TAMS 0x0000000709600000, 0x0000000709600000|
| 125|0x0000000709700000, 0x0000000709700000, 0x0000000709800000|  0%| F|  |TS  0|AC  0|TAMS 0x0000000709700000, 0x0000000709700000|
| 126|0x0000000709800000, 0x0000000709800000, 0x0000000709900000|  0%| F|  |TS  0|AC  0|TAMS 0x0000000709800000, 0x0000000709800000|
| 127|0x0000000709900000, 0x0000000709900000, 0x0000000709a00000|  0%| F|  |TS  0|AC  0|TAMS 0x0000000709900000, 0x0000000709900000|
| 128|0x0000000709a00000, 0x0000000709a00000, 0x0000000709b00000|  0%| F|  |TS  0|AC  0|TAMS 0x0000000709a00000, 0x0000000709a00000|
| 129|0x0000000709b00000, 0x0000000709b00000, 0x0000000709c00000|  0%| F|  |TS  0|AC  0|TAMS 0x0000000709b00000, 0x0000000709b00000|
| 130|0x0000000709c00000, 0x0000000709c00000, 0x0000000709d00000|  0%| F|  |TS  0|AC  0|TAMS 0x0000000709c00000, 0x0000000709c00000|
| 131|0x0000000709d00000, 0x0000000709d00000, 0x0000000709e00000|  0%| F|  |TS  0|AC  0|TAMS 0x0000000709d00000, 0x0000000709d00000|
| 132|0x0000000709e00000, 0x0000000709e00000, 0x0000000709f00000|  0%| F|  |TS  0|AC  0|TAMS 0x0000000709e00000, 0x0000000709e00000|
| 133|0x0000000709f00000, 0x0000000709f00000, 0x000000070a000000|  0%| F|  |TS  0|AC  0|TAMS 0x0000000709f00000, 0x0000000709f00000|
| 134|0x000000070a000000, 0x000000070a000000, 0x000000070a100000|  0%| F|  |TS  0|AC  0|TAMS 0x000000070a000000, 0x000000070a000000|
| 135|0x000000070a100000, 0x000000070a100000, 0x000000070a200000|  0%| F|  |TS  0|AC  0|TAMS 0x000000070a100000, 0x000000070a100000|
| 136|0x000000070a200000, 0x000000070a200000, 0x000000070a300000|  0%| F|  |TS  0|AC  0|TAMS 0x000000070a200000, 0x000000070a200000|
| 137|0x000000070a300000, 0x000000070a300000, 0x000000070a400000|  0%| F|  |TS  0|AC  0|TAMS 0x000000070a300000, 0x000000070a300000|
| 138|0x000000070a400000, 0x000000070a400000, 0x000000070a500000|  0%| F|  |TS  0|AC  0|TAMS 0x000000070a400000, 0x000000070a400000|
| 139|0x000000070a500000, 0x000000070a500000, 0x000000070a600000|  0%| F|  |TS  0|AC  0|TAMS 0x000000070a500000, 0x000000070a500000|
| 140|0x000000070a600000, 0x000000070a600000, 0x000000070a700000|  0%| F|  |TS  0|AC  0|TAMS 0x000000070a600000, 0x000000070a600000|
| 141|0x000000070a700000, 0x000000070a700000, 0x000000070a800000|  0%| F|  |TS  0|AC  0|TAMS 0x000000070a700000, 0x000000070a700000|
| 142|0x000000070a800000, 0x000000070a800000, 0x000000070a900000|  0%| F|  |TS  0|AC  0|TAMS 0x000000070a800000, 0x000000070a800000|
| 143|0x000000070a900000, 0x000000070a900000, 0x000000070aa00000|  0%| F|  |TS  0|AC  0|TAMS 0x000000070a900000, 0x000000070a900000|
| 144|0x000000070aa00000, 0x000000070aa00000, 0x000000070ab00000|  0%| F|  |TS  0|AC  0|TAMS 0x000000070aa00000, 0x000000070aa00000|
| 145|0x000000070ab00000, 0x000000070ab00000, 0x000000070ac00000|  0%| F|  |TS  0|AC  0|TAMS 0x000000070ab00000, 0x000000070ab00000|
| 146|0x000000070ac00000, 0x000000070ac00000, 0x000000070ad00000|  0%| F|  |TS  0|AC  0|TAMS 0x000000070ac00000, 0x000000070ac00000|
| 147|0x000000070ad00000, 0x000000070ad00000, 0x000000070ae00000|  0%| F|  |TS  0|AC  0|TAMS 0x000000070ad00000, 0x000000070ad00000|
| 148|0x000000070ae00000, 0x000000070ae00000, 0x000000070af00000|  0%| F|  |TS  0|AC  0|TAMS 0x000000070ae00000, 0x000000070ae00000|
| 149|0x000000070af00000, 0x000000070af00000, 0x000000070b000000|  0%| F|  |TS  0|AC  0|TAMS 0x000000070af00000, 0x000000070af00000|
| 150|0x000000070b000000, 0x000000070b000000, 0x000000070b100000|  0%| F|  |TS  0|AC  0|TAMS 0x000000070b000000, 0x000000070b000000|
| 151|0x000000070b100000, 0x000000070b100000, 0x000000070b200000|  0%| F|  |TS  0|AC  0|TAMS 0x000000070b100000, 0x000000070b100000|
| 152|0x000000070b200000, 0x000000070b200000, 0x000000070b300000|  0%| F|  |TS  0|AC  0|TAMS 0x000000070b200000, 0x000000070b200000|
| 153|0x000000070b300000, 0x000000070b300000, 0x000000070b400000|  0%| F|  |TS  0|AC  0|TAMS 0x000000070b300000, 0x000000070b300000|
| 154|0x000000070b400000, 0x000000070b400000, 0x000000070b500000|  0%| F|  |TS  0|AC  0|TAMS 0x000000070b400000, 0x000000070b400000|
| 155|0x000000070b500000, 0x000000070b500000, 0x000000070b600000|  0%| F|  |TS  0|AC  0|TAMS 0x000000070b500000, 0x000000070b500000|
| 156|0x000000070b600000, 0x000000070b600000, 0x000000070b700000|  0%| F|  |TS  0|AC  0|TAMS 0x000000070b600000, 0x000000070b600000|
| 157|0x000000070b700000, 0x000000070b700000, 0x000000070b800000|  0%| F|  |TS  0|AC  0|TAMS 0x000000070b700000, 0x000000070b700000|
| 158|0x000000070b800000, 0x000000070b800000, 0x000000070b900000|  0%| F|  |TS  0|AC  0|TAMS 0x000000070b800000, 0x000000070b800000|
| 159|0x000000070b900000, 0x000000070b900000, 0x000000070ba00000|  0%| F|  |TS  0|AC  0|TAMS 0x000000070b900000, 0x000000070b900000|
| 160|0x000000070ba00000, 0x000000070ba00000, 0x000000070bb00000|  0%| F|  |TS  0|AC  0|TAMS 0x000000070ba00000, 0x000000070ba00000|
| 161|0x000000070bb00000, 0x000000070bb00000, 0x000000070bc00000|  0%| F|  |TS  0|AC  0|TAMS 0x000000070bb00000, 0x000000070bb00000|
| 162|0x000000070bc00000, 0x000000070bc00000, 0x000000070bd00000|  0%| F|  |TS  0|AC  0|TAMS 0x000000070bc00000, 0x000000070bc00000|
| 163|0x000000070bd00000, 0x000000070bd00000, 0x000000070be00000|  0%| F|  |TS  0|AC  0|TAMS 0x000000070bd00000, 0x000000070bd00000|
| 164|0x000000070be00000, 0x000000070be00000, 0x000000070bf00000|  0%| F|  |TS  0|AC  0|TAMS 0x000000070be00000, 0x000000070be00000|
| 165|0x000000070bf00000, 0x000000070bf00000, 0x000000070c000000|  0%| F|  |TS  0|AC  0|TAMS 0x000000070bf00000, 0x000000070bf00000|
| 166|0x000000070c000000, 0x000000070c000000, 0x000000070c100000|  0%| F|  |TS  0|AC  0|TAMS 0x000000070c000000, 0x000000070c000000|
| 167|0x000000070c100000, 0x000000070c100000, 0x000000070c200000|  0%| F|  |TS  0|AC  0|TAMS 0x000000070c100000, 0x000000070c100000|
| 168|0x000000070c200000, 0x000000070c200000, 0x000000070c300000|  0%| F|  |TS  0|AC  0|TAMS 0x000000070c200000, 0x000000070c200000|
| 169|0x000000070c300000, 0x000000070c300000, 0x000000070c400000|  0%| F|  |TS  0|AC  0|TAMS 0x000000070c300000, 0x000000070c300000|
| 170|0x000000070c400000, 0x000000070c400000, 0x000000070c500000|  0%| F|  |TS  0|AC  0|TAMS 0x000000070c400000, 0x000000070c400000|
| 171|0x000000070c500000, 0x000000070c500000, 0x000000070c600000|  0%| F|  |TS  0|AC  0|TAMS 0x000000070c500000, 0x000000070c500000|
| 172|0x000000070c600000, 0x000000070c600000, 0x000000070c700000|  0%| F|  |TS  0|AC  0|TAMS 0x000000070c600000, 0x000000070c600000|
| 173|0x000000070c700000, 0x000000070c700000, 0x000000070c800000|  0%| F|  |TS  0|AC  0|TAMS 0x000000070c700000, 0x000000070c700000|
| 174|0x000000070c800000, 0x000000070c800000, 0x000000070c900000|  0%| F|  |TS  0|AC  0|TAMS 0x000000070c800000, 0x000000070c800000|
| 175|0x000000070c900000, 0x000000070c900000, 0x000000070ca00000|  0%| F|  |TS  0|AC  0|TAMS 0x000000070c900000, 0x000000070c900000|
| 176|0x000000070ca00000, 0x000000070cb00000, 0x000000070cb00000|100%| S|CS|TS  1|AC  0|TAMS 0x000000070ca00000, 0x000000070ca00000|
| 177|0x000000070cb00000, 0x000000070cc00000, 0x000000070cc00000|100%| S|CS|TS  1|AC  0|TAMS 0x000000070cb00000, 0x000000070cb00000|
| 178|0x000000070cc00000, 0x000000070cc00000, 0x000000070cd00000|  0%| F|  |TS  1|AC  0|TAMS 0x000000070cc00000, 0x000000070cc00000|
| 179|0x000000070cd00000, 0x000000070cd00000, 0x000000070ce00000|  0%| F|  |TS  1|AC  0|TAMS 0x000000070cd00000, 0x000000070cd00000|
| 180|0x000000070ce00000, 0x000000070ce00000, 0x000000070cf00000|  0%| F|  |TS  1|AC  0|TAMS 0x000000070ce00000, 0x000000070ce00000|
| 181|0x000000070cf00000, 0x000000070cf00000, 0x000000070d000000|  0%| F|  |TS  1|AC  0|TAMS 0x000000070cf00000, 0x000000070cf00000|
| 182|0x000000070d000000, 0x000000070d000000, 0x000000070d100000|  0%| F|  |TS  1|AC  0|TAMS 0x000000070d000000, 0x000000070d000000|
| 183|0x000000070d100000, 0x000000070d200000, 0x000000070d200000|100%| E|  |TS  1|AC  0|TAMS 0x000000070d100000, 0x000000070d100000|
| 184|0x000000070d200000, 0x000000070d300000, 0x000000070d300000|100%| E|CS|TS  1|AC  0|TAMS 0x000000070d200000, 0x000000070d200000|
| 185|0x000000070d300000, 0x000000070d400000, 0x000000070d400000|100%| E|CS|TS  1|AC  0|TAMS 0x000000070d300000, 0x000000070d300000|
| 186|0x000000070d400000, 0x000000070d500000, 0x000000070d500000|100%| E|CS|TS  1|AC  0|TAMS 0x000000070d400000, 0x000000070d400000|
| 187|0x000000070d500000, 0x000000070d600000, 0x000000070d600000|100%| E|CS|TS  1|AC  0|TAMS 0x000000070d500000, 0x000000070d500000|
| 188|0x000000070d600000, 0x000000070d700000, 0x000000070d700000|100%| E|CS|TS  1|AC  0|TAMS 0x000000070d600000, 0x000000070d600000|
| 189|0x000000070d700000, 0x000000070d800000, 0x000000070d800000|100%| E|CS|TS  1|AC  0|TAMS 0x000000070d700000, 0x000000070d700000|
| 190|0x000000070d800000, 0x000000070d900000, 0x000000070d900000|100%| E|CS|TS  1|AC  0|TAMS 0x000000070d800000, 0x000000070d800000|
| 191|0x000000070d900000, 0x000000070da00000, 0x000000070da00000|100%| E|CS|TS  1|AC  0|TAMS 0x000000070d900000, 0x000000070d900000|

Card table byte_map: [0x00000251fbfb0000,0x00000251fc5b0000] byte_map_base: 0x00000251f87a3000

Marking Bits (Prev, Next): (CMBitMap*) 0x00000251f9bb7530, (CMBitMap*) 0x00000251f9bb7568
 Prev Bits: [0x00000251fcbb0000, 0x00000251ffb48000)
 Next Bits: [0x000002519a2b0000, 0x000002519d248000)

Polling page: 0x00000251f9880000

CodeHeap 'non-profiled nmethods': size=120064Kb used=317Kb max_used=317Kb free=119746Kb
 bounds [0x0000025192d70000, 0x0000025192fe0000, 0x000002519a2b0000]
CodeHeap 'profiled nmethods': size=120000Kb used=1548Kb max_used=1548Kb free=118452Kb
 bounds [0x000002518b840000, 0x000002518bab0000, 0x0000025192d70000]
CodeHeap 'non-nmethods': size=5696Kb used=1444Kb max_used=1460Kb free=4251Kb
 bounds [0x000002518b2b0000, 0x000002518b520000, 0x000002518b840000]
 total_blobs=2100 nmethods=914 adapters=867
 compilation: enabled

Compilation events (10 events):
Event: 2.473 Thread 0x000002519fe15000 nmethod 908 0x000002518b9c1490 code [0x000002518b9c1660, 0x000002518b9c1960]
Event: 2.473 Thread 0x000002519fe15000  909       3       java.lang.ClassLoader::findBootstrapClassOrNull (16 bytes)
Event: 2.473 Thread 0x000002519fe15000 nmethod 909 0x000002518b9c1a90 code [0x000002518b9c1c60, 0x000002518b9c1e80]
Event: 2.473 Thread 0x000002519fdfe800  911   !   4       jdk.internal.loader.URLClassPath$JarLoader::ensureOpen (36 bytes)
Event: 2.474 Thread 0x000002519fdfe800 nmethod 911 0x0000025192db9f10 code [0x0000025192dba0a0, 0x0000025192dba118]
Event: 2.474 Thread 0x000002519fdfe800  912   !   4       jdk.internal.loader.URLClassPath$JarLoader::getResource (65 bytes)
Event: 2.474 Thread 0x000002519fe15000  913       3       jdk.internal.loader.BuiltinClassLoader::isSealed (72 bytes)
Event: 2.474 Thread 0x000002519fe15000 nmethod 913 0x000002518b9c1f90 code [0x000002518b9c2200, 0x000002518b9c2ca0]
Event: 2.477 Thread 0x000002519fe01000 nmethod 905 0x0000025192dba190 code [0x0000025192dba3c0, 0x0000025192dbafb0]
Event: 2.493 Thread 0x000002519fe01000  914   !   4       jdk.internal.loader.URLClassPath$JarLoader::getResource (353 bytes)

GC Heap History (2 events):
Event: 1.353 GC heap before
{Heap before GC invocations=0 (full 0):
 garbage-first heap   total 196608K, used 14336K [0x0000000701a00000, 0x00000007c0000000)
  region size 1024K, 14 young (14336K), 0 survivors (0K)
 Metaspace       used 10514K, capacity 10670K, committed 10880K, reserved 1058816K
  class space    used 754K, capacity 824K, committed 896K, reserved 1048576K
}
Event: 1.356 GC heap after
{Heap after GC invocations=1 (full 0):
 garbage-first heap   total 196608K, used 2328K [0x0000000701a00000, 0x00000007c0000000)
  region size 1024K, 2 young (2048K), 2 survivors (2048K)
 Metaspace       used 10514K, capacity 10670K, committed 10880K, reserved 1058816K
  class space    used 754K, capacity 824K, committed 896K, reserved 1048576K
}

Deoptimization events (10 events):
Event: 0.207 Thread 0x00000251f9aeb000 Uncommon trap: reason=class_check action=maybe_recompile pc=0x0000025192d87754 method=java.util.HashMap.getNode(ILjava/lang/Object;)Ljava/util/HashMap$Node; @ 59 c2
Event: 0.207 Thread 0x00000251f9aeb000 Uncommon trap: reason=class_check action=maybe_recompile pc=0x0000025192d877c0 method=java.util.HashMap.getNode(ILjava/lang/Object;)Ljava/util/HashMap$Node; @ 126 c2
Event: 0.207 Thread 0x00000251f9aeb000 Uncommon trap: reason=class_check action=maybe_recompile pc=0x0000025192d87754 method=java.util.HashMap.getNode(ILjava/lang/Object;)Ljava/util/HashMap$Node; @ 59 c2
Event: 0.207 Thread 0x00000251f9aeb000 Uncommon trap: reason=class_check action=maybe_recompile pc=0x0000025192d87754 method=java.util.HashMap.getNode(ILjava/lang/Object;)Ljava/util/HashMap$Node; @ 59 c2
Event: 0.260 Thread 0x00000251f9aeb000 Uncommon trap: reason=unstable_if action=reinterpret pc=0x0000025192d8627c method=java.io.WinNTFileSystem.isSlash(C)Z @ 9 c2
Event: 0.263 Thread 0x00000251f9aeb000 Uncommon trap: reason=unstable_if action=reinterpret pc=0x0000025192d88d58 method=sun.nio.fs.WindowsPathParser.isSlash(C)Z @ 9 c2
Event: 0.291 Thread 0x00000251f9aeb000 Uncommon trap: reason=bimorphic_or_optimized_type_check action=maybe_recompile pc=0x0000025192d8dae0 method=java.util.HashMap.getNode(ILjava/lang/Object;)Ljava/util/HashMap$Node; @ 126 c2
Event: 0.291 Thread 0x00000251f9aeb000 Uncommon trap: reason=bimorphic_or_optimized_type_check action=maybe_recompile pc=0x0000025192d8dae0 method=java.util.HashMap.getNode(ILjava/lang/Object;)Ljava/util/HashMap$Node; @ 126 c2
Event: 0.291 Thread 0x00000251f9aeb000 Uncommon trap: reason=bimorphic_or_optimized_type_check action=maybe_recompile pc=0x0000025192d8dae0 method=java.util.HashMap.getNode(ILjava/lang/Object;)Ljava/util/HashMap$Node; @ 126 c2
Event: 0.291 Thread 0x00000251f9aeb000 Uncommon trap: reason=bimorphic_or_optimized_type_check action=maybe_recompile pc=0x0000025192d8dae0 method=java.util.HashMap.getNode(ILjava/lang/Object;)Ljava/util/HashMap$Node; @ 126 c2

Classes redefined (0 events):
No events

Internal exceptions (10 events):
Event: 0.244 Thread 0x00000251f9aeb000 Exception <a 'java/lang/NoSuchMethodError'{0x000000070d4c1218}: java.lang.invoke.DirectMethodHandle$Holder.invokeStatic(Ljava/lang/Object;Ljava/lang/Object;)I> (0x000000070d4c1218) thrown at [t:/workspace/open/src/hotspot/share/interpreter/linkResolver.cp
Event: 0.246 Thread 0x00000251f9aeb000 Exception <a 'java/lang/NoSuchMethodError'{0x000000070d4d2c18}: method resolution failed> (0x000000070d4d2c18) thrown at [t:/workspace/open/src/hotspot/share/prims/methodHandles.cpp, line 1226]
Event: 0.246 Thread 0x00000251f9aeb000 Exception <a 'java/lang/NoSuchMethodError'{0x000000070d4d6818}: method resolution failed> (0x000000070d4d6818) thrown at [t:/workspace/open/src/hotspot/share/prims/methodHandles.cpp, line 1226]
Event: 0.247 Thread 0x00000251f9aeb000 Exception <a 'java/lang/NoSuchMethodError'{0x000000070d4d9e18}: java.lang.invoke.DelegatingMethodHandle$Holder.delegate(Ljava/lang/Object;Ljava/lang/Object;ILjava/lang/Object;)V> (0x000000070d4d9e18) thrown at [t:/workspace/open/src/hotspot/share/interpre
Event: 0.247 Thread 0x00000251f9aeb000 Exception <a 'java/lang/NoSuchMethodError'{0x000000070d4ddce0}: method resolution failed> (0x000000070d4ddce0) thrown at [t:/workspace/open/src/hotspot/share/prims/methodHandles.cpp, line 1226]
Event: 0.248 Thread 0x00000251f9aeb000 Exception <a 'java/lang/NoSuchMethodError'{0x000000070d4e4be0}: java.lang.invoke.DirectMethodHandle$Holder.invokeStaticInit(Ljava/lang/Object;Ljava/lang/Object;Ljava/lang/Object;)Ljava/lang/Object;> (0x000000070d4e4be0) thrown at [t:/workspace/open/src/ho
Event: 1.221 Thread 0x00000251f9aeb000 Exception <a 'sun/nio/fs/WindowsException'{0x000000070d10bf50}> (0x000000070d10bf50) thrown at [t:/workspace/open/src/hotspot/share/prims/jni.cpp, line 611]
Event: 1.221 Thread 0x00000251f9aeb000 Exception <a 'sun/nio/fs/WindowsException'{0x000000070d10c470}> (0x000000070d10c470) thrown at [t:/workspace/open/src/hotspot/share/prims/jni.cpp, line 611]
Event: 1.398 Thread 0x00000251f9aeb000 Exception <a 'java/lang/NoSuchMethodError'{0x000000070d6eb478}: java.lang.invoke.DirectMethodHandle$Holder.invokeInterface(Ljava/lang/Object;Ljava/lang/Object;Ljava/lang/Object;)I> (0x000000070d6eb478) thrown at [t:/workspace/open/src/hotspot/share/interp
Event: 2.503 Thread 0x00000251f9aeb000 Implicit null exception at 0x000002518b932f94 to 0x0000000000000000

Events (10 events):
Event: 2.491 loading class org/joml/Vector2dc
Event: 2.491 loading class org/joml/Vector2dc done
Event: 2.492 loading class org/joml/Vector2i
Event: 2.492 loading class org/joml/Vector2i done
Event: 2.493 loading class org/joml/Vector2ic
Event: 2.493 loading class org/joml/Vector2ic done
Event: 2.494 loading class org/joml/Quaternionf
Event: 2.494 loading class org/joml/Quaternionf done
Event: 2.499 loading class org/joml/Quaternionfc
Event: 2.499 loading class org/joml/Quaternionfc done


Dynamic libraries:
0x00007ff7d7890000 - 0x00007ff7d78ce000 	C:\Users\Dexter Burk\Desktop\jdk-10.0.1\bin\java.exe
0x00007ffe58fe0000 - 0x00007ffe591c1000 	C:\WINDOWS\SYSTEM32\ntdll.dll
0x00007ffe57fd0000 - 0x00007ffe58082000 	C:\WINDOWS\System32\KERNEL32.DLL
0x00007ffe55690000 - 0x00007ffe55903000 	C:\WINDOWS\System32\KERNELBASE.dll
0x00007ffe58870000 - 0x00007ffe58911000 	C:\WINDOWS\System32\ADVAPI32.dll
0x00007ffe58c80000 - 0x00007ffe58d1e000 	C:\WINDOWS\System32\msvcrt.dll
0x00007ffe57910000 - 0x00007ffe5796b000 	C:\WINDOWS\System32\sechost.dll
0x00007ffe57ac0000 - 0x00007ffe57be4000 	C:\WINDOWS\System32\RPCRT4.dll
0x00007ffe58e20000 - 0x00007ffe58fb0000 	C:\WINDOWS\System32\USER32.dll
0x00007ffe55ab0000 - 0x00007ffe55ad0000 	C:\WINDOWS\System32\win32u.dll
0x00007ffe57970000 - 0x00007ffe57998000 	C:\WINDOWS\System32\GDI32.dll
0x00007ffe55910000 - 0x00007ffe55aa2000 	C:\WINDOWS\System32\gdi32full.dll
0x00007ffe553b0000 - 0x00007ffe5544f000 	C:\WINDOWS\System32\msvcp_win.dll
0x00007ffe55b80000 - 0x00007ffe55c7a000 	C:\WINDOWS\System32\ucrtbase.dll
0x00007ffe44d10000 - 0x00007ffe44f79000 	C:\WINDOWS\WinSxS\amd64_microsoft.windows.common-controls_6595b64144ccf1df_6.0.17134.112_none_fb3f961b30681c12\COMCTL32.dll
0x00007ffe4edc0000 - 0x00007ffe4edca000 	C:\WINDOWS\SYSTEM32\VERSION.dll
0x00007ffe57bf0000 - 0x00007ffe57f13000 	C:\WINDOWS\System32\combase.dll
0x00007ffe563f0000 - 0x00007ffe5646a000 	C:\WINDOWS\System32\bcryptPrimitives.dll
0x00007ffe58090000 - 0x00007ffe580bd000 	C:\WINDOWS\System32\IMM32.DLL
0x00007ffe4d160000 - 0x00007ffe4d24f000 	C:\Users\Dexter Burk\Desktop\jdk-10.0.1\bin\msvcr120.dll
0x00007ffe4b3b0000 - 0x00007ffe4b456000 	C:\Users\Dexter Burk\Desktop\jdk-10.0.1\bin\msvcp120.dll
0x000000005f670000 - 0x00000000600e0000 	C:\Users\Dexter Burk\Desktop\jdk-10.0.1\bin\server\jvm.dll
0x00007ffe58920000 - 0x00007ffe58928000 	C:\WINDOWS\System32\PSAPI.DLL
0x00007ffe4ecf0000 - 0x00007ffe4ecf9000 	C:\WINDOWS\SYSTEM32\WSOCK32.dll
0x00007ffe580c0000 - 0x00007ffe5812c000 	C:\WINDOWS\System32\WS2_32.dll
0x00007ffe51e20000 - 0x00007ffe51e43000 	C:\WINDOWS\SYSTEM32\WINMM.dll
0x00007ffe51670000 - 0x00007ffe5169a000 	C:\WINDOWS\SYSTEM32\winmmbase.dll
0x00007ffe55450000 - 0x00007ffe55499000 	C:\WINDOWS\System32\cfgmgr32.dll
0x00007ffe52340000 - 0x00007ffe5234f000 	C:\Users\Dexter Burk\Desktop\jdk-10.0.1\bin\verify.dll
0x00007ffe434a0000 - 0x00007ffe43669000 	C:\WINDOWS\SYSTEM32\DBGHELP.DLL
0x00007ffe43470000 - 0x00007ffe43499000 	C:\WINDOWS\SYSTEM32\dbgcore.DLL
0x00007ffe4c5f0000 - 0x00007ffe4c617000 	C:\Users\Dexter Burk\Desktop\jdk-10.0.1\bin\java.dll
0x00007ffe4b380000 - 0x00007ffe4b3aa000 	C:\Users\Dexter Burk\Desktop\jdk-10.0.1\bin\instrument.dll
0x00007ffe4b360000 - 0x00007ffe4b376000 	C:\Users\Dexter Burk\Desktop\jdk-10.0.1\bin\zip.dll
0x00007ffe52290000 - 0x00007ffe5229a000 	C:\Users\Dexter Burk\Desktop\jdk-10.0.1\bin\jimage.dll
0x00007ffe564d0000 - 0x00007ffe57910000 	C:\WINDOWS\System32\SHELL32.dll
0x00007ffe57f20000 - 0x00007ffe57fc9000 	C:\WINDOWS\System32\shcore.dll
0x00007ffe55c80000 - 0x00007ffe5638d000 	C:\WINDOWS\System32\windows.storage.dll
0x00007ffe58c20000 - 0x00007ffe58c71000 	C:\WINDOWS\System32\shlwapi.dll
0x00007ffe55300000 - 0x00007ffe55311000 	C:\WINDOWS\System32\kernel.appcore.dll
0x00007ffe55370000 - 0x00007ffe5538f000 	C:\WINDOWS\System32\profapi.dll
0x00007ffe55320000 - 0x00007ffe5536c000 	C:\WINDOWS\System32\powrprof.dll
0x00007ffe552f0000 - 0x00007ffe552fa000 	C:\WINDOWS\System32\FLTLIB.DLL
0x00007ffe4ac70000 - 0x00007ffe4ac8a000 	C:\Users\Dexter Burk\Desktop\jdk-10.0.1\bin\net.dll
0x00007ffe50300000 - 0x00007ffe503dd000 	C:\WINDOWS\SYSTEM32\WINHTTP.dll
0x00007ffe54b70000 - 0x00007ffe54bd6000 	C:\WINDOWS\system32\mswsock.dll
0x00007ffe4ac50000 - 0x00007ffe4ac61000 	C:\Users\Dexter Burk\Desktop\jdk-10.0.1\bin\nio.dll
0x00007ffe4abe0000 - 0x00007ffe4abfa000 	C:\Users\Dexter Burk\Desktop\IntelliJ IDEA Community Edition 2018.1.5\bin\breakgen64.dll
0x00007ffe4ab80000 - 0x00007ffe4abdb000 	C:\Users\Dexter Burk\AppData\Local\Temp\lwjglDexter Burk\3.1.6-build-14\lwjgl.dll
0x00007ffe449c0000 - 0x00007ffe44a11000 	C:\Users\DEXTER~1\AppData\Local\Temp\lwjglDexter Burk\3.1.6-build-14\glfw.dll
0x00007ffe53800000 - 0x00007ffe53898000 	C:\WINDOWS\system32\uxtheme.dll
0x00007ffe43420000 - 0x00007ffe43463000 	C:\WINDOWS\SYSTEM32\dinput8.dll
0x00007ffe4ed00000 - 0x00007ffe4ed10000 	C:\WINDOWS\SYSTEM32\xinput1_4.dll
0x00007ffe54f70000 - 0x00007ffe54f97000 	C:\WINDOWS\SYSTEM32\DEVOBJ.dll
0x00007ffe53a60000 - 0x00007ffe53a89000 	C:\WINDOWS\SYSTEM32\dwmapi.dll
0x00007ffe58130000 - 0x00007ffe582a5000 	C:\WINDOWS\System32\MSCTF.dll
0x00007ffe58d50000 - 0x00007ffe58e12000 	C:\WINDOWS\System32\OLEAUT32.dll
0x00007ffe54000000 - 0x00007ffe5400c000 	C:\WINDOWS\SYSTEM32\HID.DLL
0x00007ffe58420000 - 0x00007ffe5886b000 	C:\WINDOWS\System32\SETUPAPI.DLL
0x00007ffe4a000000 - 0x00007ffe4a079000 	C:\WINDOWS\SYSTEM32\inputhost.dll
0x00007ffe53560000 - 0x00007ffe5363a000 	C:\WINDOWS\SYSTEM32\CoreMessaging.dll
0x00007ffe50da0000 - 0x00007ffe50eed000 	C:\WINDOWS\SYSTEM32\wintypes.dll
0x00007ffe4e420000 - 0x00007ffe4e73e000 	C:\WINDOWS\SYSTEM32\CoreUIComponents.dll
0x00007ffe543c0000 - 0x00007ffe543f1000 	C:\WINDOWS\SYSTEM32\ntmarta.dll
0x00007ffe56390000 - 0x00007ffe563e7000 	C:\WINDOWS\System32\WINTRUST.dll
0x00007ffe55390000 - 0x00007ffe553a2000 	C:\WINDOWS\System32\MSASN1.dll
0x00007ffe554a0000 - 0x00007ffe55682000 	C:\WINDOWS\System32\CRYPT32.dll
0x00007ffe41f90000 - 0x00007ffe420b0000 	C:\WINDOWS\SYSTEM32\opengl32.dll
0x00007ffe4b8b0000 - 0x00007ffe4b8dc000 	C:\WINDOWS\SYSTEM32\GLU32.dll
0x000000005d2c0000 - 0x000000005f587000 	C:\WINDOWS\SYSTEM32\nvoglv64.DLL
0x00007ffe582c0000 - 0x00007ffe58411000 	C:\WINDOWS\System32\ole32.dll
0x00007ffe51440000 - 0x00007ffe51453000 	C:\WINDOWS\SYSTEM32\WTSAPI32.dll
0x00007ffe54790000 - 0x00007ffe547e6000 	C:\WINDOWS\SYSTEM32\WINSTA.dll
0x00007ffe4b9d0000 - 0x00007ffe4ba68000 	C:\WINDOWS\System32\TextInputFramework.dll
0x00007ffe3df30000 - 0x00007ffe3df8f000 	C:\Users\Dexter Burk\AppData\Local\Temp\lwjglDexter Burk\3.1.6-build-14\lwjgl_opengl.dll
0x00007ffe4c660000 - 0x00007ffe4c663000 	C:\Users\Dexter Burk\AppData\Local\Temp\jomlDexter Burk\a2476102\joml.dll

dbghelp: loaded successfully - version: 4.0.5 - missing functions: none
symbol engine: initialized successfully - sym options: 0x614 - pdb path: .;C:\Users\Dexter Burk\Desktop\jdk-10.0.1\bin;C:\WINDOWS\SYSTEM32;C:\WINDOWS\WinSxS\amd64_microsoft.windows.common-controls_6595b64144ccf1df_6.0.17134.112_none_fb3f961b30681c12;C:\Users\Dexter Burk\Desktop\jdk-10.0.1\bin\server;C:\Users\Dexter Burk\Desktop\IntelliJ IDEA Community Edition 2018.1.5\bin;C:\Users\Dexter Burk\AppData\Local\Temp\lwjglDexter Burk\3.1.6-build-14;C:\Users\DEXTER~1\AppData\Local\Temp\lwjglDexter Burk\3.1.6-build-14;C:\Users\Dexter Burk\AppData\Local\Temp\jomlDexter Burk\a2476102

VM Arguments:
jvm_args: -javaagent:C:\Users\Dexter Burk\Desktop\IntelliJ IDEA Community Edition 2018.1.5\lib\idea_rt.jar=61951:C:\Users\Dexter Burk\Desktop\IntelliJ IDEA Community Edition 2018.1.5\bin -Dfile.encoding=UTF-8 
java_command: lwjgl3.Main
java_class_path (initial): C:\Users\Dexter Burk\Desktop\Development\IntelliJ\LWJGL3\target\classes;C:\Users\Dexter Burk\.m2\repository\org\lwjgl\lwjgl\3.1.6\lwjgl-3.1.6.jar;C:\Users\Dexter Burk\.m2\repository\org\lwjgl\lwjgl-assimp\3.1.6\lwjgl-assimp-3.1.6.jar;C:\Users\Dexter Burk\.m2\repository\org\lwjgl\lwjgl-bgfx\3.1.6\lwjgl-bgfx-3.1.6.jar;C:\Users\Dexter Burk\.m2\repository\org\lwjgl\lwjgl-egl\3.1.6\lwjgl-egl-3.1.6.jar;C:\Users\Dexter Burk\.m2\repository\org\lwjgl\lwjgl-glfw\3.1.6\lwjgl-glfw-3.1.6.jar;C:\Users\Dexter Burk\.m2\repository\org\lwjgl\lwjgl-jawt\3.1.6\lwjgl-jawt-3.1.6.jar;C:\Users\Dexter Burk\.m2\repository\org\lwjgl\lwjgl-jemalloc\3.1.6\lwjgl-jemalloc-3.1.6.jar;C:\Users\Dexter Burk\.m2\repository\org\lwjgl\lwjgl-lmdb\3.1.6\lwjgl-lmdb-3.1.6.jar;C:\Users\Dexter Burk\.m2\repository\org\lwjgl\lwjgl-lz4\3.1.6\lwjgl-lz4-3.1.6.jar;C:\Users\Dexter Burk\.m2\repository\org\lwjgl\lwjgl-nanovg\3.1.6\lwjgl-nanovg-3.1.6.jar;C:\Users\Dexter Burk\.m2\repository\org\lwjgl\lwjgl-nfd\3.1.6\lwjgl-nfd-3.1.6.jar;C:\Users\Dexter Burk\.m2\repository\org\lwjgl\lwjgl-nuklear\3.1.6\lwjgl-nuklear-3.1.6.jar;C:\Users\Dexter Burk\.m2\repository\org\lwjgl\lwjgl-odbc\3.1.6\lwjgl-odbc-3.1.6.jar;C:\Users\Dexter Burk\.m2\repository\org\lwjgl\lwjgl-openal\3.1.6\lwjgl-openal-3.1.6.jar;C:\Users\Dexter Burk\.m2\repository\org\lwjgl\lwjgl-opencl\3.1.6\lwjgl-opencl-3.1.6.jar;C:\Users\Dexter Burk\.m2\repository\org\lwjgl\lwjgl-opengl\3.1.6\lwjgl-opengl-3.1.6.jar;C:\Users\Dexter Burk\.m2\repository\org\lwjgl\lwjgl-opengles\3.1.6\lwjgl-opengles-3.1.6.jar;C:\Users\Dexter Burk\.m2\repository\org\lwjgl\lwjgl-openvr\3.1.6\lwjgl-openvr-3.1.6.jar;C:\Users\Dexter Burk\.m2\repository\org\lwjgl\lwjgl-ovr\3.1.6\lwjgl-ovr-3.1.6.jar;C:\Users\Dexter Burk\.m2\repository\org\lwjgl\lwjgl-par\3.1.6\lwjgl-par-3.1.6.jar;C:\Users\Dexter Burk\.m2\repository\org\lwjgl\lwjgl-remotery\3.1.6\lwjgl-remotery-3.1.6.jar;C:\Users\Dexter Burk\.m2\repository\org\lwjgl\lwjgl-rpmalloc\3.1.6\lwjgl-rpmalloc-3.1.6.jar;C:\Users\
Launcher Type: SUN_STANDARD

Logging:
Log output configuration:
#0: stdout all=warning uptime,level,tags
#1: stderr all=off uptime,level,tags

Environment Variables:
PATH=C:\Program Files (x86)\Common Files\Oracle\Java\javapath;C:\WINDOWS\system32;C:\WINDOWS;C:\WINDOWS\System32\Wbem;C:\WINDOWS\System32\WindowsPowerShell\v1.0\;C:\WINDOWS\System32\OpenSSH\;C:\Program Files\dotnet\;C:\Program Files\Microsoft SQL Server\130\Tools\Binn\;C:\Users\Dexter Burk\AppData\Local\Microsoft\WindowsApps;
USERNAME=Dexter Burk
OS=Windows_NT
PROCESSOR_IDENTIFIER=Intel64 Family 6 Model 94 Stepping 3, GenuineIntel



---------------  S Y S T E M  ---------------

OS: Windows 10 , 64 bit Build 17134 (10.0.17134.1)

CPU:total 4 (initial active 4) (4 cores per cpu, 1 threads per core) family 6 model 94 stepping 3, cmov, cx8, fxsr, mmx, sse, sse2, sse3, ssse3, sse4.1, sse4.2, popcnt, avx, avx2, aes, clmul, erms, 3dnowpref, lzcnt, tsc, tscinvbit, bmi1, bmi2, adx, fma

Memory: 4k page, physical 12476280k(6899260k free), swap 14378840k(5940856k free)

vm_info: Java HotSpot(TM) 64-Bit Server VM (10.0.1+10) for windows-amd64 JRE (10.0.1+10), built on Mar 27 2018 02:27:48 by "mach5one" with MS VC++ 12.0 (VS2013)

END.
